c:\users\guang\onedrive\デスクトップ\homagame\homagame ソース\sample\x64\debug\vc143.pdb
c:\users\guang\onedrive\デスクトップ\homagame\homagame ソース\sample\x64\debug\vc143.idb
c:\users\guang\onedrive\デスクトップ\homagame\homagame ソース\sample\x64\debug\texture.obj
c:\users\guang\onedrive\デスクトップ\homagame\homagame ソース\sample\x64\debug\sprite.obj
c:\users\guang\onedrive\デスクトップ\homagame\homagame ソース\sample\x64\debug\sound.obj
c:\users\guang\onedrive\デスクトップ\homagame\homagame ソース\sample\x64\debug\skill.obj
c:\users\guang\onedrive\デスクトップ\homagame\homagame ソース\sample\x64\debug\renderer.obj
c:\users\guang\onedrive\デスクトップ\homagame\homagame ソース\sample\x64\debug\polygon.obj
c:\users\guang\onedrive\デスクトップ\homagame\homagame ソース\sample\x64\debug\player.obj
c:\users\guang\onedrive\デスクトップ\homagame\homagame ソース\sample\x64\debug\particle.obj
c:\users\guang\onedrive\デスクトップ\homagame\homagame ソース\sample\x64\debug\map.obj
c:\users\guang\onedrive\デスクトップ\homagame\homagame ソース\sample\x64\debug\main.obj
c:\users\guang\onedrive\デスクトップ\homagame\homagame ソース\sample\x64\debug\input.obj
c:\users\guang\onedrive\デスクトップ\homagame\homagame ソース\sample\x64\debug\hitbox.obj
c:\users\guang\onedrive\デスクトップ\homagame\homagame ソース\sample\x64\debug\enemy.obj
c:\users\guang\onedrive\デスクトップ\homagame\homagame ソース\sample\x64\debug\bullet.obj
c:\users\guang\onedrive\デスクトップ\homagame\homagame ソース\x64\debug\sample.pdb
c:\users\guang\onedrive\デスクトップ\homagame\homagame ソース\sample\x64\debug\sample.tlog\cl.command.1.tlog
c:\users\guang\onedrive\デスクトップ\homagame\homagame ソース\sample\x64\debug\sample.tlog\cl.read.1.tlog
c:\users\guang\onedrive\デスクトップ\homagame\homagame ソース\sample\x64\debug\sample.tlog\cl.write.1.tlog
c:\users\guang\onedrive\デスクトップ\homagame\homagame ソース\sample\x64\debug\sample.tlog\link-cvtres.read.1.tlog
c:\users\guang\onedrive\デスクトップ\homagame\homagame ソース\sample\x64\debug\sample.tlog\link-cvtres.write.1.tlog
c:\users\guang\onedrive\デスクトップ\homagame\homagame ソース\sample\x64\debug\sample.tlog\link-rc.read.1.tlog
c:\users\guang\onedrive\デスクトップ\homagame\homagame ソース\sample\x64\debug\sample.tlog\link-rc.write.1.tlog
c:\users\guang\onedrive\デスクトップ\homagame\homagame ソース\sample\x64\debug\sample.tlog\link.command.1.tlog
c:\users\guang\onedrive\デスクトップ\homagame\homagame ソース\sample\x64\debug\sample.tlog\link.read.1.tlog
c:\users\guang\onedrive\デスクトップ\homagame\homagame ソース\sample\x64\debug\sample.tlog\link.read.2.tlog
c:\users\guang\onedrive\デスクトップ\homagame\homagame ソース\sample\x64\debug\sample.tlog\link.write.1.tlog
